<?xml version="1.0" encoding="UTF-8"?>
<!-- Generated by org.testng.reporters.JUnitReportReporter -->
<testsuite hostname="Prem" failures="0" tests="1" name="com.mmt.qa.testcases.DummyTest" time="24.777" errors="0" timestamp="28 Jul 2018 09:44:35 GMT" skipped="0">
  <testcase classname="com.mmt.qa.testcases.DummyTest" name="dummy" time="24.777"/>
</testsuite> <!-- com.mmt.qa.testcases.DummyTest -->
