<?xml version="1.0" encoding="UTF-8"?>
<!-- Generated by org.testng.reporters.JUnitReportReporter -->
<testsuite hostname="Prem" failures="0" tests="4" name="com.mmt.qa.testcases.LoginPageTest" time="22.202" errors="0" timestamp="29 Jul 2018 07:16:03 GMT" skipped="3">
  <testcase classname="com.mmt.qa.testcases.LoginPageTest" name="validateLoginpageTest" time="22.202"/>
  <testcase classname="com.mmt.qa.testcases.LoginPageTest" name="loginTest">
    <skipped/>
  </testcase> <!-- loginTest -->
  <testcase classname="com.mmt.qa.testcases.LoginPageTest" name="validateMmtLogoTest">
    <skipped/>
  </testcase> <!-- validateMmtLogoTest -->
  <testcase classname="com.mmt.qa.testcases.LoginPageTest" name="differenetLoginCredentialsTest">
    <skipped/>
  </testcase> <!-- differenetLoginCredentialsTest -->
</testsuite> <!-- com.mmt.qa.testcases.LoginPageTest -->
