<?xml version="1.0" encoding="UTF-8"?>
<!-- Generated by org.testng.reporters.JUnitReportReporter -->
<testsuite hostname="Prem" failures="0" tests="1" name="firfoxProfile.Practise" time="0.007" errors="0" timestamp="12 Jul 2018 15:24:49 GMT" skipped="0">
  <testcase classname="firfoxProfile.Practise" name="just" time="0.007"/>
</testsuite> <!-- firfoxProfile.Practise -->
