<?xml version="1.0" encoding="UTF-8"?>
<!-- Generated by org.testng.reporters.JUnitReportReporter -->
<testsuite hostname="Prem" failures="0" tests="1" name="aArrayListMethods.ArrayListMethods" time="0.011" errors="0" timestamp="09 Jul 2018 10:15:47 GMT" skipped="0">
  <testcase classname="aArrayListMethods.ArrayListMethods" name="meth" time="0.011"/>
</testsuite> <!-- aArrayListMethods.ArrayListMethods -->
