<?xml version="1.0" encoding="UTF-8"?>
<!-- Generated by org.testng.reporters.JUnitReportReporter -->
<testsuite hostname="Prem" failures="0" tests="1" name="MavenTest.TestMaven.Dummy" time="14.608" errors="0" timestamp="05 Jul 2018 14:44:10 GMT" skipped="0">
  <testcase classname="MavenTest.TestMaven.Dummy" name="chumma" time="14.608"/>
</testsuite> <!-- MavenTest.TestMaven.Dummy -->
