<?xml version="1.0" encoding="UTF-8"?>
<!-- Generated by org.testng.reporters.JUnitReportReporter -->
<testsuite hostname="Prem" failures="0" tests="1" name="MavenTest.TestMaven.Dummy" time="0.010" errors="0" timestamp="20 Jul 2018 17:09:52 GMT" skipped="0">
  <testcase classname="MavenTest.TestMaven.Dummy" name="chumma" time="0.010"/>
</testsuite> <!-- MavenTest.TestMaven.Dummy -->
