<?xml version="1.0" encoding="UTF-8"?>
<!-- Generated by org.testng.reporters.JUnitReportReporter -->
<testsuite hostname="Prem" failures="0" tests="1" name="aArrayListMethods.ComparatorExamp" time="0.009" errors="0" timestamp="09 Jul 2018 16:52:48 GMT" skipped="0">
  <testcase classname="aArrayListMethods.ComparatorExamp" name="comprtr" time="0.009"/>
</testsuite> <!-- aArrayListMethods.ComparatorExamp -->
