<?xml version="1.0" encoding="UTF-8"?>
<!-- Generated by org.testng.reporters.JUnitReportReporter -->
<testsuite hostname="Prem" failures="0" tests="1" name="practicePages.MouseHover" time="30.959" errors="0" timestamp="17 Jul 2018 10:47:49 GMT" skipped="0">
  <testcase classname="practicePages.MouseHover" name="inputForm" time="30.959"/>
</testsuite> <!-- practicePages.MouseHover -->
