<?xml version="1.0" encoding="UTF-8"?>
<!-- Generated by org.testng.reporters.JUnitReportReporter -->
<testsuite hostname="Prem" failures="0" tests="1" name="com.info.test.LoginPageTest" time="11.387" errors="0" timestamp="05 Jul 2018 21:06:24 GMT" skipped="0">
  <testcase classname="com.info.test.LoginPageTest" name="login" time="11.387"/>
</testsuite> <!-- com.info.test.LoginPageTest -->
