<?xml version="1.0" encoding="UTF-8"?>
<!-- Generated by org.testng.reporters.JUnitReportReporter -->
<testsuite hostname="Prem" failures="0" tests="1" name="aArrayListMethods.ComparableExamp" time="0.015" errors="0" timestamp="09 Jul 2018 10:25:54 GMT" skipped="0">
  <testcase classname="aArrayListMethods.ComparableExamp" name="com" time="0.015"/>
</testsuite> <!-- aArrayListMethods.ComparableExamp -->
