<?xml version="1.0" encoding="UTF-8"?>
<!-- Generated by org.testng.reporters.JUnitReportReporter -->
<testsuite skipped="1" hostname="DESKTOP-L965NKF" name="uDemyTest.Day2" tests="3" failures="0" timestamp="10 Jun 2018 16:03:27 GMT" time="0.010" errors="0">
  <testcase name="urlPara" time="0.001" classname="uDemyTest.Day2"/>
  <testcase name="documents" time="0.009" classname="uDemyTest.Day2"/>
  <testcase name="ploan" classname="uDemyTest.Day2">
    <skipped/>
  </testcase> <!-- ploan -->
</testsuite> <!-- uDemyTest.Day2 -->
