<?xml version="1.0" encoding="UTF-8"?>
<!-- Generated by org.testng.reporters.JUnitReportReporter -->
<testsuite skipped="0" hostname="DESKTOP-L965NKF" name="uDemyTest.Day1" tests="2" failures="0" timestamp="10 Jun 2018 16:03:27 GMT" time="0.011" errors="0">
  <testcase name="demo" time="0.010" classname="uDemyTest.Day1"/>
  <testcase name="secondTest" time="0.001" classname="uDemyTest.Day1"/>
</testsuite> <!-- uDemyTest.Day1 -->
