<?xml version="1.0" encoding="UTF-8"?>
<!-- Generated by org.testng.reporters.JUnitReportReporter -->
<testsuite skipped="0" hostname="DESKTOP-L965NKF" name="uDemyTest.Day4" tests="3" failures="0" timestamp="17 Jun 2018 09:14:09 GMT" time="0.034" errors="0">
  <testcase name="login" time="0.028" classname="uDemyTest.Day4"/>
  <testcase name="login" time="0.003" classname="uDemyTest.Day4"/>
  <testcase name="login" time="0.003" classname="uDemyTest.Day4"/>
</testsuite> <!-- uDemyTest.Day4 -->
