<?xml version="1.0" encoding="UTF-8"?>
<!-- Generated by org.testng.reporters.JUnitReportReporter -->
<testsuite skipped="0" hostname="DESKTOP-L965NKF" name="uDemyTest.Day3" tests="1" failures="0" timestamp="10 Jun 2018 16:03:27 GMT" time="0.002" errors="0">
  <testcase name="mobileLogin" time="0.002" classname="uDemyTest.Day3"/>
</testsuite> <!-- uDemyTest.Day3 -->
