<?xml version="1.0" encoding="UTF-8"?>
<!-- Generated by org.testng.reporters.JUnitReportReporter -->
<testsuite skipped="0" hostname="Prem" name="uDemyTest.Day1" tests="2" failures="0" timestamp="05 Jul 2018 06:37:12 GMT" time="0.008" errors="0">
  <testcase name="secondTest" time="0.001" classname="uDemyTest.Day1"/>
  <testcase name="demo" time="0.007" classname="uDemyTest.Day1"/>
</testsuite> <!-- uDemyTest.Day1 -->
