<?xml version="1.0" encoding="UTF-8"?>
<!-- Generated by org.testng.reporters.JUnitReportReporter -->
<testsuite skipped="0" hostname="DESKTOP-L965NKF" name="mainProgram.Login" tests="1" failures="0" timestamp="18 Jun 2018 20:59:31 GMT" time="7.536" errors="0">
  <testcase name="LoginTry" time="7.536" classname="mainProgram.Login"/>
</testsuite> <!-- mainProgram.Login -->
